  [1m[35m (0.1ms)[0m  [1m[34mSELECT sqlite_version(*)[0m
  [1m[35m (3.6ms)[0m  [1m[35mCREATE TABLE "schema_migrations" ("version" varchar NOT NULL PRIMARY KEY)[0m
  [1m[35m (1.3ms)[0m  [1m[35mCREATE TABLE "ar_internal_metadata" ("key" varchar NOT NULL PRIMARY KEY, "value" varchar, "created_at" datetime NOT NULL, "updated_at" datetime NOT NULL)[0m
  [1m[35m (0.1ms)[0m  [1m[34mSELECT "schema_migrations"."version" FROM "schema_migrations" ORDER BY "schema_migrations"."version" ASC[0m
Migrating to CreateUsers (20170817100118)
  [1m[35m (0.0ms)[0m  [1m[36mbegin transaction[0m
  [1m[35m (0.5ms)[0m  [1m[35mCREATE TABLE "users" ("id" INTEGER PRIMARY KEY AUTOINCREMENT NOT NULL, "username" varchar, "email" varchar, "password_digest" varchar, "user_id" integer, "phone_number" integer, "created_at" datetime NOT NULL, "updated_at" datetime NOT NULL)[0m
  [1m[35mSQL (0.2ms)[0m  [1m[32mINSERT INTO "schema_migrations" ("version") VALUES (?)[0m  [["version", "20170817100118"]]
  [1m[35m (0.6ms)[0m  [1m[36mcommit transaction[0m
  [1m[36mActiveRecord::InternalMetadata Load (0.1ms)[0m  [1m[34mSELECT  "ar_internal_metadata".* FROM "ar_internal_metadata" WHERE "ar_internal_metadata"."key" = ? LIMIT ?[0m  [["key", "environment"], ["LIMIT", 1]]
  [1m[35m (0.1ms)[0m  [1m[36mbegin transaction[0m
  [1m[35mSQL (0.3ms)[0m  [1m[32mINSERT INTO "ar_internal_metadata" ("key", "value", "created_at", "updated_at") VALUES (?, ?, ?, ?)[0m  [["key", "environment"], ["value", "development"], ["created_at", "2017-08-17 10:01:37.405582"], ["updated_at", "2017-08-17 10:01:37.405582"]]
  [1m[35m (0.7ms)[0m  [1m[36mcommit transaction[0m
  [1m[35m (0.1ms)[0m  [1m[34mSELECT "schema_migrations"."version" FROM "schema_migrations" ORDER BY "schema_migrations"."version" ASC[0m
  [1m[35m (0.1ms)[0m  [1m[34mSELECT "schema_migrations"."version" FROM "schema_migrations" ORDER BY "schema_migrations"."version" ASC[0m
Migrating to CreateEntries (20170817100321)
  [1m[35m (0.0ms)[0m  [1m[36mbegin transaction[0m
  [1m[35m (0.1ms)[0m  [1m[34mSELECT sqlite_version(*)[0m
  [1m[35m (0.4ms)[0m  [1m[35mCREATE TABLE "entries" ("id" INTEGER PRIMARY KEY AUTOINCREMENT NOT NULL, "title" varchar, "body" text, "published" boolean, "entry_id" integer, "good_day" integer, "created_at" datetime NOT NULL, "updated_at" datetime NOT NULL)[0m
  [1m[35mSQL (0.2ms)[0m  [1m[32mINSERT INTO "schema_migrations" ("version") VALUES (?)[0m  [["version", "20170817100321"]]
  [1m[35m (2.3ms)[0m  [1m[36mcommit transaction[0m
  [1m[36mActiveRecord::InternalMetadata Load (0.2ms)[0m  [1m[34mSELECT  "ar_internal_metadata".* FROM "ar_internal_metadata" WHERE "ar_internal_metadata"."key" = ? LIMIT ?[0m  [["key", "environment"], ["LIMIT", 1]]
  [1m[35m (0.1ms)[0m  [1m[36mbegin transaction[0m
  [1m[35m (0.1ms)[0m  [1m[36mcommit transaction[0m
  [1m[35m (0.1ms)[0m  [1m[34mSELECT "schema_migrations"."version" FROM "schema_migrations" ORDER BY "schema_migrations"."version" ASC[0m
Started GET "/" for 127.0.0.1 at 2017-08-17 06:10:31 -0400
  [1m[35m (0.1ms)[0m  [1m[34mSELECT "schema_migrations"."version" FROM "schema_migrations" ORDER BY "schema_migrations"."version" ASC[0m
Processing by Rails::WelcomeController#index as HTML
  Rendering /usr/local/var/rbenv/versions/2.4.1/lib/ruby/gems/2.4.0/gems/railties-5.1.3/lib/rails/templates/rails/welcome/index.html.erb
  Rendered /usr/local/var/rbenv/versions/2.4.1/lib/ruby/gems/2.4.0/gems/railties-5.1.3/lib/rails/templates/rails/welcome/index.html.erb (3.6ms)
Completed 200 OK in 10ms (Views: 7.8ms | ActiveRecord: 0.0ms)


Started GET "/favicon.ico" for 127.0.0.1 at 2017-08-17 06:10:32 -0400
  
ActionController::RoutingError (No route matches [GET] "/favicon.ico"):
  
actionpack (5.1.3) lib/action_dispatch/middleware/debug_exceptions.rb:63:in `call'
actionpack (5.1.3) lib/action_dispatch/middleware/show_exceptions.rb:31:in `call'
railties (5.1.3) lib/rails/rack/logger.rb:36:in `call_app'
railties (5.1.3) lib/rails/rack/logger.rb:24:in `block in call'
activesupport (5.1.3) lib/active_support/tagged_logging.rb:69:in `block in tagged'
activesupport (5.1.3) lib/active_support/tagged_logging.rb:26:in `tagged'
activesupport (5.1.3) lib/active_support/tagged_logging.rb:69:in `tagged'
railties (5.1.3) lib/rails/rack/logger.rb:24:in `call'
actionpack (5.1.3) lib/action_dispatch/middleware/remote_ip.rb:79:in `call'
actionpack (5.1.3) lib/action_dispatch/middleware/request_id.rb:25:in `call'
rack (2.0.3) lib/rack/runtime.rb:22:in `call'
activesupport (5.1.3) lib/active_support/cache/strategy/local_cache_middleware.rb:27:in `call'
actionpack (5.1.3) lib/action_dispatch/middleware/executor.rb:12:in `call'
actionpack (5.1.3) lib/action_dispatch/middleware/static.rb:125:in `call'
rack (2.0.3) lib/rack/sendfile.rb:111:in `call'
railties (5.1.3) lib/rails/engine.rb:522:in `call'
puma (3.9.1) lib/puma/configuration.rb:224:in `call'
puma (3.9.1) lib/puma/server.rb:602:in `handle_request'
puma (3.9.1) lib/puma/server.rb:435:in `process_client'
puma (3.9.1) lib/puma/server.rb:299:in `block in run'
puma (3.9.1) lib/puma/thread_pool.rb:120:in `block in spawn_thread'
Started GET "/" for 127.0.0.1 at 2017-08-17 12:41:02 -0400
  [1m[35m (0.1ms)[0m  [1m[34mSELECT "schema_migrations"."version" FROM "schema_migrations" ORDER BY "schema_migrations"."version" ASC[0m
Processing by Rails::WelcomeController#index as HTML
  Rendering /usr/local/var/rbenv/versions/2.4.1/lib/ruby/gems/2.4.0/gems/railties-5.1.3/lib/rails/templates/rails/welcome/index.html.erb
  Rendered /usr/local/var/rbenv/versions/2.4.1/lib/ruby/gems/2.4.0/gems/railties-5.1.3/lib/rails/templates/rails/welcome/index.html.erb (3.8ms)
Completed 200 OK in 13ms (Views: 11.0ms | ActiveRecord: 0.0ms)


Started GET "/users" for 127.0.0.1 at 2017-08-17 12:41:50 -0400
Processing by UsersController#index as */*
  [1m[36mUser Load (0.1ms)[0m  [1m[34mSELECT "users".* FROM "users"[0m
Completed 200 OK in 9ms (Views: 1.4ms | ActiveRecord: 0.5ms)


Started GET "/users" for 127.0.0.1 at 2017-08-17 12:42:02 -0400
Processing by UsersController#index as */*
  [1m[36mUser Load (0.2ms)[0m  [1m[34mSELECT "users".* FROM "users"[0m
Completed 200 OK in 1ms (Views: 0.6ms | ActiveRecord: 0.2ms)


Started GET "/users" for 127.0.0.1 at 2017-08-17 12:43:06 -0400
Processing by UsersController#index as */*
  [1m[36mUser Load (0.2ms)[0m  [1m[34mSELECT "users".* FROM "users"[0m
Completed 200 OK in 1ms (Views: 0.5ms | ActiveRecord: 0.2ms)


Started POST "/users" for 127.0.0.1 at 2017-08-17 12:44:18 -0400
Processing by UsersController#create as */*
Completed 400 Bad Request in 0ms (ActiveRecord: 0.0ms)


  
ActionController::ParameterMissing (param is missing or the value is empty: user):
  
app/controllers/users_controller.rb:49:in `user_params'
app/controllers/users_controller.rb:18:in `create'
Started GET "/users" for 127.0.0.1 at 2017-08-17 12:45:59 -0400
Processing by UsersController#index as */*
  [1m[36mUser Load (0.2ms)[0m  [1m[34mSELECT "users".* FROM "users"[0m
Completed 200 OK in 1ms (Views: 0.5ms | ActiveRecord: 0.2ms)


Started POST "/users" for 127.0.0.1 at 2017-08-17 12:49:49 -0400
Processing by UsersController#create as */*
Completed 400 Bad Request in 0ms (ActiveRecord: 0.0ms)


  
ActionController::ParameterMissing (param is missing or the value is empty: user):
  
app/controllers/users_controller.rb:49:in `user_params'
app/controllers/users_controller.rb:18:in `create'
Started POST "/users" for 127.0.0.1 at 2017-08-17 12:54:27 -0400
  [1m[35m (0.2ms)[0m  [1m[34mSELECT "schema_migrations"."version" FROM "schema_migrations" ORDER BY "schema_migrations"."version" ASC[0m
Processing by UsersController#create as */*
Completed 400 Bad Request in 3ms (ActiveRecord: 0.0ms)


  
ActionController::ParameterMissing (param is missing or the value is empty: user):
  
app/controllers/users_controller.rb:49:in `user_params'
app/controllers/users_controller.rb:18:in `create'
Started POST "/users" for 127.0.0.1 at 2017-08-17 12:55:03 -0400
Processing by UsersController#create as */*
Completed 400 Bad Request in 0ms (ActiveRecord: 0.0ms)


  
ActionController::ParameterMissing (param is missing or the value is empty: user):
  
app/controllers/users_controller.rb:49:in `user_params'
app/controllers/users_controller.rb:18:in `create'
Started POST "/users" for 127.0.0.1 at 2017-08-17 12:56:29 -0400
  [1m[35m (0.1ms)[0m  [1m[34mSELECT "schema_migrations"."version" FROM "schema_migrations" ORDER BY "schema_migrations"."version" ASC[0m
Processing by UsersController#create as */*
Completed 400 Bad Request in 0ms (ActiveRecord: 0.0ms)


  
ActionController::ParameterMissing (param is missing or the value is empty: user):
  
app/controllers/users_controller.rb:51:in `user_params'
app/controllers/users_controller.rb:19:in `create'
Started POST "/users" for 127.0.0.1 at 2017-08-17 13:06:52 -0400
  [1m[35m (0.2ms)[0m  [1m[34mSELECT "schema_migrations"."version" FROM "schema_migrations" ORDER BY "schema_migrations"."version" ASC[0m
Processing by UsersController#create as */*
Completed 500 Internal Server Error in 2ms (ActiveRecord: 0.0ms)


  
ArgumentError (wrong number of arguments (given 0, expected 1)):
  
app/controllers/users_controller.rb:50:in `user_params'
app/controllers/users_controller.rb:19:in `create'
Started POST "/users" for 127.0.0.1 at 2017-08-17 13:07:17 -0400
Processing by UsersController#create as */*
Completed 400 Bad Request in 2ms


Started POST "/users" for 127.0.0.1 at 2017-08-17 13:07:27 -0400
  
Processing by UsersController#create as */*
ActionController::ParameterMissing (param is missing or the value is empty: username):
  
Completed 400 Bad Request in 0ms


app/controllers/users_controller.rb:50:in `user_params'
app/controllers/users_controller.rb:19:in `create'
  
ActionController::ParameterMissing (param is missing or the value is empty: username):
  
app/controllers/users_controller.rb:50:in `user_params'
app/controllers/users_controller.rb:19:in `create'
Started POST "/users" for 127.0.0.1 at 2017-08-17 13:07:51 -0400
Processing by UsersController#create as */*
Completed 400 Bad Request in 0ms


  
ActionController::ParameterMissing (param is missing or the value is empty: username):
  
app/controllers/users_controller.rb:50:in `user_params'
app/controllers/users_controller.rb:19:in `create'
Started POST "/users" for 127.0.0.1 at 2017-08-17 13:08:26 -0400
Processing by UsersController#create as */*
Completed 400 Bad Request in 2ms


  
ActionController::ParameterMissing (param is missing or the value is empty: user):
  
app/controllers/users_controller.rb:50:in `user_params'
app/controllers/users_controller.rb:19:in `create'
Started POST "/users" for 127.0.0.1 at 2017-08-17 13:08:42 -0400
Processing by UsersController#create as */*
Completed 400 Bad Request in 0ms


  
ActionController::ParameterMissing (param is missing or the value is empty: user):
  
app/controllers/users_controller.rb:50:in `user_params'
app/controllers/users_controller.rb:19:in `create'
Started POST "/users" for 127.0.0.1 at 2017-08-17 13:08:43 -0400
Processing by UsersController#create as */*
Completed 400 Bad Request in 0ms


  
ActionController::ParameterMissing (param is missing or the value is empty: user):
  
app/controllers/users_controller.rb:50:in `user_params'
app/controllers/users_controller.rb:19:in `create'
Started POST "/users" for 127.0.0.1 at 2017-08-17 13:09:19 -0400
Processing by UsersController#create as */*
Completed 400 Bad Request in 2ms


  
ActionController::ParameterMissing (param is missing or the value is empty: email):
  
app/controllers/users_controller.rb:50:in `user_params'
app/controllers/users_controller.rb:19:in `create'
Started POST "/users" for 127.0.0.1 at 2017-08-17 13:09:29 -0400
Processing by UsersController#create as */*
Completed 400 Bad Request in 0ms


  
ActionController::ParameterMissing (param is missing or the value is empty: email):
  
app/controllers/users_controller.rb:50:in `user_params'
app/controllers/users_controller.rb:19:in `create'
Started POST "/users" for 127.0.0.1 at 2017-08-17 13:11:45 -0400
  
SyntaxError (/Users/alex/theironyard/projects/capstone_mindframe/backend/app/controllers/users_controller.rb:50: syntax error, unexpected tIDENTIFIER, expecting keyword_end
 params.fetch(:user, {})params.require(:user).permit(:userna
                              ^):
  
app/controllers/users_controller.rb:50: syntax error, unexpected tIDENTIFIER, expecting keyword_end
Started POST "/users" for 127.0.0.1 at 2017-08-17 13:12:10 -0400
  
SyntaxError (/Users/alex/theironyard/projects/capstone_mindframe/backend/app/controllers/users_controller.rb:50: syntax error, unexpected tIDENTIFIER, expecting keyword_end
 params.fetch(:user, {})params.require(:user).permit(:userna
                              ^
/Users/alex/theironyard/projects/capstone_mindframe/backend/app/controllers/users_controller.rb:53: syntax error, unexpected keyword_end, expecting end-of-input):
  
app/controllers/users_controller.rb:50: syntax error, unexpected tIDENTIFIER, expecting keyword_end
app/controllers/users_controller.rb:53: syntax error, unexpected keyword_end, expecting end-of-input
Started POST "/users" for 127.0.0.1 at 2017-08-17 13:12:30 -0400
  
SyntaxError (/Users/alex/theironyard/projects/capstone_mindframe/backend/app/controllers/users_controller.rb:53: syntax error, unexpected keyword_end, expecting end-of-input):
  
app/controllers/users_controller.rb:53: syntax error, unexpected keyword_end, expecting end-of-input
Started POST "/users" for 127.0.0.1 at 2017-08-17 13:12:47 -0400
Processing by UsersController#create as */*
Completed 500 Internal Server Error in 3ms


  
NoMethodError (undefined method `params' for <ActionController::Parameters {} permitted: false>:ActionController::Parameters
Did you mean?  parameters):
  
app/controllers/users_controller.rb:50:in `user_params'
app/controllers/users_controller.rb:19:in `create'
Started POST "/users" for 127.0.0.1 at 2017-08-17 13:14:17 -0400
Processing by UsersController#create as */*
Completed 400 Bad Request in 3ms


  
ActionController::ParameterMissing (param is missing or the value is empty: user):
  
app/controllers/users_controller.rb:50:in `user_params'
app/controllers/users_controller.rb:19:in `create'
Started POST "/users" for 127.0.0.1 at 2017-08-17 13:14:45 -0400
Processing by UsersController#create as */*
Completed 400 Bad Request in 0ms


  
ActionController::ParameterMissing (param is missing or the value is empty: user):
  
app/controllers/users_controller.rb:50:in `user_params'
app/controllers/users_controller.rb:19:in `create'
Started POST "/users" for 127.0.0.1 at 2017-08-17 13:18:04 -0400
Processing by UsersController#create as */*
Completed 500 Internal Server Error in 2ms


  
ArgumentError (wrong number of arguments (given 1, expected 0)):
  
app/controllers/users_controller.rb:49:in `user_params'
app/controllers/users_controller.rb:18:in `create'
Started POST "/users" for 127.0.0.1 at 2017-08-17 13:18:26 -0400
Processing by UsersController#create as */*
  [1m[35m (0.1ms)[0m  [1m[36mbegin transaction[0m
  [1m[35m (0.1ms)[0m  [1m[31mrollback transaction[0m
Completed 422 Unprocessable Entity in 19ms (Views: 0.2ms | ActiveRecord: 0.9ms)


Started POST "/users" for 127.0.0.1 at 2017-08-17 13:18:48 -0400
Processing by UsersController#create as */*
  [1m[35m (0.1ms)[0m  [1m[36mbegin transaction[0m
  [1m[35m (0.1ms)[0m  [1m[31mrollback transaction[0m
Completed 422 Unprocessable Entity in 2ms (Views: 0.2ms | ActiveRecord: 0.1ms)


Started POST "/users" for 127.0.0.1 at 2017-08-17 13:18:50 -0400
Processing by UsersController#create as */*
  [1m[35m (0.1ms)[0m  [1m[36mbegin transaction[0m
  [1m[35m (0.0ms)[0m  [1m[31mrollback transaction[0m
Completed 422 Unprocessable Entity in 2ms (Views: 0.1ms | ActiveRecord: 0.1ms)


Started POST "/users" for 127.0.0.1 at 2017-08-17 13:18:58 -0400
Processing by UsersController#create as */*
  [1m[35m (0.1ms)[0m  [1m[36mbegin transaction[0m
  [1m[35m (0.0ms)[0m  [1m[31mrollback transaction[0m
Completed 422 Unprocessable Entity in 2ms (Views: 0.1ms | ActiveRecord: 0.1ms)


Started POST "/users" for 127.0.0.1 at 2017-08-17 13:22:08 -0400
Processing by UsersController#create as */*
  [1m[35m (0.1ms)[0m  [1m[36mbegin transaction[0m
  [1m[35m (0.1ms)[0m  [1m[31mrollback transaction[0m
Completed 422 Unprocessable Entity in 2ms (Views: 0.2ms | ActiveRecord: 0.1ms)


Started POST "/users" for 127.0.0.1 at 2017-08-17 13:22:10 -0400
Processing by UsersController#create as */*
  [1m[35m (0.1ms)[0m  [1m[36mbegin transaction[0m
  [1m[35m (0.1ms)[0m  [1m[31mrollback transaction[0m
Completed 422 Unprocessable Entity in 2ms (Views: 0.3ms | ActiveRecord: 0.1ms)


Started POST "/users" for 127.0.0.1 at 2017-08-17 13:22:10 -0400
Processing by UsersController#create as */*
  [1m[35m (0.1ms)[0m  [1m[36mbegin transaction[0m
  [1m[35m (0.0ms)[0m  [1m[31mrollback transaction[0m
Completed 422 Unprocessable Entity in 2ms (Views: 0.2ms | ActiveRecord: 0.1ms)


Started POST "/users" for 127.0.0.1 at 2017-08-17 13:22:10 -0400
Processing by UsersController#create as */*
  [1m[35m (0.1ms)[0m  [1m[36mbegin transaction[0m
  [1m[35m (0.1ms)[0m  [1m[31mrollback transaction[0m
Completed 422 Unprocessable Entity in 2ms (Views: 0.2ms | ActiveRecord: 0.1ms)


Started POST "/users" for 127.0.0.1 at 2017-08-17 13:22:11 -0400
Processing by UsersController#create as */*
  [1m[35m (0.1ms)[0m  [1m[36mbegin transaction[0m
  [1m[35m (0.1ms)[0m  [1m[31mrollback transaction[0m
Completed 422 Unprocessable Entity in 2ms (Views: 0.1ms | ActiveRecord: 0.1ms)


Started POST "/users" for 127.0.0.1 at 2017-08-17 13:22:11 -0400
Processing by UsersController#create as */*
  [1m[35m (0.1ms)[0m  [1m[36mbegin transaction[0m
  [1m[35m (0.1ms)[0m  [1m[31mrollback transaction[0m
Completed 422 Unprocessable Entity in 5ms (Views: 0.2ms | ActiveRecord: 0.2ms)


Started POST "/users" for 127.0.0.1 at 2017-08-17 13:22:11 -0400
Processing by UsersController#create as */*
  [1m[35m (0.1ms)[0m  [1m[36mbegin transaction[0m
  [1m[35m (0.0ms)[0m  [1m[31mrollback transaction[0m
Completed 422 Unprocessable Entity in 2ms (Views: 0.1ms | ActiveRecord: 0.1ms)


Started POST "/users" for 127.0.0.1 at 2017-08-17 13:22:11 -0400
Processing by UsersController#create as */*
  [1m[35m (0.1ms)[0m  [1m[36mbegin transaction[0m
  [1m[35m (0.1ms)[0m  [1m[31mrollback transaction[0m
Completed 422 Unprocessable Entity in 2ms (Views: 0.2ms | ActiveRecord: 0.2ms)


Started POST "/users" for 127.0.0.1 at 2017-08-17 13:22:11 -0400
Processing by UsersController#create as */*
  [1m[35m (0.1ms)[0m  [1m[36mbegin transaction[0m
  [1m[35m (0.1ms)[0m  [1m[31mrollback transaction[0m
Completed 422 Unprocessable Entity in 2ms (Views: 0.2ms | ActiveRecord: 0.1ms)


Started POST "/users" for 127.0.0.1 at 2017-08-17 13:22:12 -0400
Processing by UsersController#create as */*
  [1m[35m (0.1ms)[0m  [1m[36mbegin transaction[0m
  [1m[35m (0.1ms)[0m  [1m[31mrollback transaction[0m
Completed 422 Unprocessable Entity in 2ms (Views: 0.2ms | ActiveRecord: 0.1ms)


Started POST "/users" for 127.0.0.1 at 2017-08-17 13:23:30 -0400
Processing by UsersController#create as */*
  [1m[35m (0.1ms)[0m  [1m[36mbegin transaction[0m
  [1m[35m (0.1ms)[0m  [1m[31mrollback transaction[0m
Completed 422 Unprocessable Entity in 21ms (Views: 0.9ms | ActiveRecord: 1.0ms)


Started POST "/users" for 127.0.0.1 at 2017-08-17 13:23:31 -0400
Processing by UsersController#create as */*
  [1m[35m (0.1ms)[0m  [1m[36mbegin transaction[0m
  [1m[35m (0.1ms)[0m  [1m[31mrollback transaction[0m
Completed 422 Unprocessable Entity in 3ms (Views: 0.1ms | ActiveRecord: 0.1ms)


Started POST "/users" for 127.0.0.1 at 2017-08-17 13:23:31 -0400
Processing by UsersController#create as */*
  [1m[35m (0.1ms)[0m  [1m[36mbegin transaction[0m
  [1m[35m (0.1ms)[0m  [1m[31mrollback transaction[0m
Completed 422 Unprocessable Entity in 2ms (Views: 0.2ms | ActiveRecord: 0.1ms)


Started POST "/users" for 127.0.0.1 at 2017-08-17 13:23:31 -0400
Processing by UsersController#create as */*
  [1m[35m (0.1ms)[0m  [1m[36mbegin transaction[0m
  [1m[35m (0.1ms)[0m  [1m[31mrollback transaction[0m
Completed 422 Unprocessable Entity in 3ms (Views: 0.6ms | ActiveRecord: 0.1ms)


Started POST "/users" for 127.0.0.1 at 2017-08-17 13:23:31 -0400
Processing by UsersController#create as */*
  [1m[35m (0.1ms)[0m  [1m[36mbegin transaction[0m
  [1m[35m (0.1ms)[0m  [1m[31mrollback transaction[0m
Completed 422 Unprocessable Entity in 2ms (Views: 0.1ms | ActiveRecord: 0.1ms)


Started POST "/users" for 127.0.0.1 at 2017-08-17 13:23:31 -0400
Processing by UsersController#create as */*
  [1m[35m (0.1ms)[0m  [1m[36mbegin transaction[0m
  [1m[35m (0.8ms)[0m  [1m[31mrollback transaction[0m
Completed 422 Unprocessable Entity in 3ms (Views: 0.2ms | ActiveRecord: 0.8ms)


Started POST "/users" for 127.0.0.1 at 2017-08-17 13:23:50 -0400
Processing by UsersController#create as */*
  [1m[35m (0.1ms)[0m  [1m[36mbegin transaction[0m
  [1m[35m (0.1ms)[0m  [1m[31mrollback transaction[0m
Completed 422 Unprocessable Entity in 3ms (Views: 0.2ms | ActiveRecord: 0.1ms)


Started POST "/users" for 127.0.0.1 at 2017-08-17 13:26:36 -0400
Processing by UsersController#create as */*
  [1m[35m (0.1ms)[0m  [1m[36mbegin transaction[0m
  [1m[35m (0.1ms)[0m  [1m[31mrollback transaction[0m
Completed 422 Unprocessable Entity in 12ms (Views: 0.2ms | ActiveRecord: 0.9ms)


Started POST "/users" for 127.0.0.1 at 2017-08-17 13:26:46 -0400
  [1m[35m (0.1ms)[0m  [1m[34mSELECT "schema_migrations"."version" FROM "schema_migrations" ORDER BY "schema_migrations"."version" ASC[0m
Processing by UsersController#create as */*
  [1m[35m (0.1ms)[0m  [1m[36mbegin transaction[0m
  [1m[35m (0.1ms)[0m  [1m[31mrollback transaction[0m
Completed 422 Unprocessable Entity in 14ms (Views: 0.2ms | ActiveRecord: 0.7ms)


Started POST "/users?email=herp@derp.com&password=[FILTERED]&password_confirmation=[FILTERED]&phone_number=5555555555&username=alex" for 127.0.0.1 at 2017-08-17 13:32:58 -0400
Processing by UsersController#create as */*
  Parameters: {"email"=>"herp@derp.com", "password"=>"[FILTERED]", "password_confirmation"=>"[FILTERED]", "phone_number"=>"5555555555", "username"=>"alex"}
  [1m[35m (0.0ms)[0m  [1m[36mbegin transaction[0m
  [1m[35m (0.1ms)[0m  [1m[31mrollback transaction[0m
Completed 500 Internal Server Error in 70ms (ActiveRecord: 0.3ms)


  
ActiveModel::RangeError (5555555555 is out of range for ActiveModel::Type::Integer with limit 4 bytes):
  
app/controllers/users_controller.rb:20:in `create'
Started POST "/users?email=herp@derp.com&password=[FILTERED]&password_confirmation=[FILTERED]&phone_number=5&username=alex" for 127.0.0.1 at 2017-08-17 13:33:22 -0400
Processing by UsersController#create as */*
  Parameters: {"email"=>"herp@derp.com", "password"=>"[FILTERED]", "password_confirmation"=>"[FILTERED]", "phone_number"=>"5", "username"=>"alex"}
  [1m[35m (0.1ms)[0m  [1m[36mbegin transaction[0m
  [1m[35mSQL (0.4ms)[0m  [1m[32mINSERT INTO "users" ("username", "email", "password_digest", "phone_number", "created_at", "updated_at") VALUES (?, ?, ?, ?, ?, ?)[0m  [["username", "alex"], ["email", "herp@derp.com"], ["password_digest", "$2a$10$3pwtMceP/1h4AbO6bo2PzuE8khLKcPol5MheJa1/yTXuxDyAIh33q"], ["phone_number", 5], ["created_at", "2017-08-17 17:33:22.238200"], ["updated_at", "2017-08-17 17:33:22.238200"]]
  [1m[35m (2.0ms)[0m  [1m[36mcommit transaction[0m
Completed 201 Created in 72ms (Views: 0.6ms | ActiveRecord: 2.4ms)


  [1m[35m (0.2ms)[0m  [1m[34mSELECT "schema_migrations"."version" FROM "schema_migrations" ORDER BY "schema_migrations"."version" ASC[0m
Migrating to RemoveUseridFromUsers (20170817173950)
  [1m[35m (0.1ms)[0m  [1m[36mbegin transaction[0m
  [1m[35m (0.1ms)[0m  [1m[34mSELECT sqlite_version(*)[0m
  [1m[35m (0.3ms)[0m  [1m[35mCREATE TEMPORARY TABLE "ausers" ("id" INTEGER PRIMARY KEY AUTOINCREMENT NOT NULL, "username" varchar DEFAULT NULL, "email" varchar DEFAULT NULL, "password_digest" varchar DEFAULT NULL, "user_id" integer DEFAULT NULL, "phone_number" integer DEFAULT NULL, "created_at" datetime NOT NULL, "updated_at" datetime NOT NULL)[0m
  [1m[35m (0.1ms)[0m  [1m[32mINSERT INTO "ausers" ("id","username","email","password_digest","user_id","phone_number","created_at","updated_at")
                     SELECT "id","username","email","password_digest","user_id","phone_number","created_at","updated_at" FROM "users"[0m
  [1m[35m (0.3ms)[0m  [1m[35mDROP TABLE "users"[0m
  [1m[35m (0.1ms)[0m  [1m[35mCREATE TABLE "users" ("id" INTEGER PRIMARY KEY AUTOINCREMENT NOT NULL, "username" varchar DEFAULT NULL, "email" varchar DEFAULT NULL, "password_digest" varchar DEFAULT NULL, "phone_number" integer DEFAULT NULL, "created_at" datetime NOT NULL, "updated_at" datetime NOT NULL)[0m
  [1m[35m (0.1ms)[0m  [1m[32mINSERT INTO "users" ("id","username","email","password_digest","phone_number","created_at","updated_at")
                     SELECT "id","username","email","password_digest","phone_number","created_at","updated_at" FROM "ausers"[0m
  [1m[35m (0.1ms)[0m  [1m[35mDROP TABLE "ausers"[0m
  [1m[35mSQL (0.2ms)[0m  [1m[32mINSERT INTO "schema_migrations" ("version") VALUES (?)[0m  [["version", "20170817173950"]]
  [1m[35m (0.6ms)[0m  [1m[36mcommit transaction[0m
  [1m[36mActiveRecord::InternalMetadata Load (0.2ms)[0m  [1m[34mSELECT  "ar_internal_metadata".* FROM "ar_internal_metadata" WHERE "ar_internal_metadata"."key" = ? LIMIT ?[0m  [["key", "environment"], ["LIMIT", 1]]
  [1m[35m (0.1ms)[0m  [1m[36mbegin transaction[0m
  [1m[35m (0.1ms)[0m  [1m[36mcommit transaction[0m
  [1m[35m (0.1ms)[0m  [1m[34mSELECT "schema_migrations"."version" FROM "schema_migrations" ORDER BY "schema_migrations"."version" ASC[0m
  [1m[35m (0.1ms)[0m  [1m[34mSELECT "schema_migrations"."version" FROM "schema_migrations" ORDER BY "schema_migrations"."version" ASC[0m
Migrating to RemovePhoneNumberFromUsers (20170817174044)
  [1m[35m (0.1ms)[0m  [1m[36mbegin transaction[0m
  [1m[35m (0.1ms)[0m  [1m[34mSELECT sqlite_version(*)[0m
  [1m[35m (0.3ms)[0m  [1m[35mCREATE TEMPORARY TABLE "ausers" ("id" INTEGER PRIMARY KEY AUTOINCREMENT NOT NULL, "username" varchar DEFAULT NULL, "email" varchar DEFAULT NULL, "password_digest" varchar DEFAULT NULL, "phone_number" integer DEFAULT NULL, "created_at" datetime NOT NULL, "updated_at" datetime NOT NULL)[0m
  [1m[35m (0.1ms)[0m  [1m[32mINSERT INTO "ausers" ("id","username","email","password_digest","phone_number","created_at","updated_at")
                     SELECT "id","username","email","password_digest","phone_number","created_at","updated_at" FROM "users"[0m
  [1m[35m (0.3ms)[0m  [1m[35mDROP TABLE "users"[0m
  [1m[35m (0.1ms)[0m  [1m[35mCREATE TABLE "users" ("id" INTEGER PRIMARY KEY AUTOINCREMENT NOT NULL, "username" varchar DEFAULT NULL, "email" varchar DEFAULT NULL, "password_digest" varchar DEFAULT NULL, "created_at" datetime NOT NULL, "updated_at" datetime NOT NULL)[0m
  [1m[35m (0.1ms)[0m  [1m[32mINSERT INTO "users" ("id","username","email","password_digest","created_at","updated_at")
                     SELECT "id","username","email","password_digest","created_at","updated_at" FROM "ausers"[0m
  [1m[35m (0.1ms)[0m  [1m[35mDROP TABLE "ausers"[0m
  [1m[35mSQL (0.2ms)[0m  [1m[32mINSERT INTO "schema_migrations" ("version") VALUES (?)[0m  [["version", "20170817174044"]]
  [1m[35m (5.7ms)[0m  [1m[36mcommit transaction[0m
  [1m[36mActiveRecord::InternalMetadata Load (0.2ms)[0m  [1m[34mSELECT  "ar_internal_metadata".* FROM "ar_internal_metadata" WHERE "ar_internal_metadata"."key" = ? LIMIT ?[0m  [["key", "environment"], ["LIMIT", 1]]
  [1m[35m (0.1ms)[0m  [1m[36mbegin transaction[0m
  [1m[35m (0.0ms)[0m  [1m[36mcommit transaction[0m
  [1m[35m (0.1ms)[0m  [1m[34mSELECT "schema_migrations"."version" FROM "schema_migrations" ORDER BY "schema_migrations"."version" ASC[0m
  [1m[35m (0.1ms)[0m  [1m[34mSELECT "schema_migrations"."version" FROM "schema_migrations" ORDER BY "schema_migrations"."version" ASC[0m
Migrating to AddPhoneToUsers (20170817174121)
  [1m[35m (0.1ms)[0m  [1m[36mbegin transaction[0m
  [1m[35m (0.4ms)[0m  [1m[35mALTER TABLE "users" ADD "phone" varchar[0m
  [1m[35mSQL (0.2ms)[0m  [1m[32mINSERT INTO "schema_migrations" ("version") VALUES (?)[0m  [["version", "20170817174121"]]
  [1m[35m (5.7ms)[0m  [1m[36mcommit transaction[0m
  [1m[36mActiveRecord::InternalMetadata Load (0.3ms)[0m  [1m[34mSELECT  "ar_internal_metadata".* FROM "ar_internal_metadata" WHERE "ar_internal_metadata"."key" = ? LIMIT ?[0m  [["key", "environment"], ["LIMIT", 1]]
  [1m[35m (0.1ms)[0m  [1m[36mbegin transaction[0m
  [1m[35m (0.1ms)[0m  [1m[36mcommit transaction[0m
  [1m[35m (0.1ms)[0m  [1m[34mSELECT "schema_migrations"."version" FROM "schema_migrations" ORDER BY "schema_migrations"."version" ASC[0m
Started POST "/users?email=herp@derp.com&password=[FILTERED]&password_confirmation=[FILTERED]&phone_number=5555555555&username=alex" for 127.0.0.1 at 2017-08-17 13:41:52 -0400
  [1m[35m (0.3ms)[0m  [1m[34mSELECT "schema_migrations"."version" FROM "schema_migrations" ORDER BY "schema_migrations"."version" ASC[0m
Processing by UsersController#create as */*
  Parameters: {"email"=>"herp@derp.com", "password"=>"[FILTERED]", "password_confirmation"=>"[FILTERED]", "phone_number"=>"5555555555", "username"=>"alex"}
Completed 500 Internal Server Error in 70ms (ActiveRecord: 0.6ms)


  
ActiveModel::UnknownAttributeError (unknown attribute 'phone_number' for User.):
  
app/controllers/users_controller.rb:18:in `create'
Started POST "/users?email=herp@derp.com&password=[FILTERED]&password_confirmation=[FILTERED]&phone=5555555555&username=alex" for 127.0.0.1 at 2017-08-17 13:42:02 -0400
Processing by UsersController#create as */*
  Parameters: {"email"=>"herp@derp.com", "password"=>"[FILTERED]", "password_confirmation"=>"[FILTERED]", "phone"=>"5555555555", "username"=>"alex"}
Unpermitted parameter: :phone
  [1m[35m (0.0ms)[0m  [1m[36mbegin transaction[0m
  [1m[35mSQL (0.5ms)[0m  [1m[32mINSERT INTO "users" ("username", "email", "password_digest", "created_at", "updated_at") VALUES (?, ?, ?, ?, ?)[0m  [["username", "alex"], ["email", "herp@derp.com"], ["password_digest", "$2a$10$6XuiWdwkiIjlM.0PsQvrG.2aWZi47Ye2a9zfJ0.afp1a5w9Nundji"], ["created_at", "2017-08-17 17:42:02.106912"], ["updated_at", "2017-08-17 17:42:02.106912"]]
  [1m[35m (0.6ms)[0m  [1m[36mcommit transaction[0m
Completed 201 Created in 75ms (Views: 0.9ms | ActiveRecord: 1.4ms)


Started POST "/users?email=herp@derp.com&password=[FILTERED]&password_confirmation=[FILTERED]&phone=5555555555&username=alex" for 127.0.0.1 at 2017-08-17 13:42:38 -0400
Processing by UsersController#create as */*
  Parameters: {"email"=>"herp@derp.com", "password"=>"[FILTERED]", "password_confirmation"=>"[FILTERED]", "phone"=>"5555555555", "username"=>"alex"}
Unpermitted parameter: :phone
  [1m[35m (0.1ms)[0m  [1m[36mbegin transaction[0m
  [1m[35mSQL (0.3ms)[0m  [1m[32mINSERT INTO "users" ("username", "email", "password_digest", "created_at", "updated_at") VALUES (?, ?, ?, ?, ?)[0m  [["username", "alex"], ["email", "herp@derp.com"], ["password_digest", "$2a$10$xK3ax5w1qs/J8ysQYawk6etkH.w4qo/DtZ/067PXNj0Ut4U.G6DY6"], ["created_at", "2017-08-17 17:42:38.928818"], ["updated_at", "2017-08-17 17:42:38.928818"]]
  [1m[35m (2.3ms)[0m  [1m[36mcommit transaction[0m
Completed 201 Created in 76ms (Views: 0.6ms | ActiveRecord: 2.7ms)


Started POST "/users?email=herp@derp.com&password=[FILTERED]&password_confirmation=[FILTERED]&phone=5555555555&username=alex" for 127.0.0.1 at 2017-08-17 15:54:25 -0400
  [1m[35m (0.2ms)[0m  [1m[34mSELECT "schema_migrations"."version" FROM "schema_migrations" ORDER BY "schema_migrations"."version" ASC[0m
Processing by UsersController#create as */*
  Parameters: {"email"=>"herp@derp.com", "password"=>"[FILTERED]", "password_confirmation"=>"[FILTERED]", "phone"=>"5555555555", "username"=>"alex"}
Unpermitted parameter: :phone
  [1m[35m (0.1ms)[0m  [1m[36mbegin transaction[0m
  [1m[35mSQL (0.6ms)[0m  [1m[32mINSERT INTO "users" ("username", "email", "password_digest", "created_at", "updated_at") VALUES (?, ?, ?, ?, ?)[0m  [["username", "alex"], ["email", "herp@derp.com"], ["password_digest", "$2a$10$uWrfmbpZRgMvnNKNw7vMVu8Y1AJZAYCjEtycTdPBaV4JfiQ43EIpO"], ["created_at", "2017-08-17 19:54:26.359431"], ["updated_at", "2017-08-17 19:54:26.359431"]]
  [1m[35m (3.5ms)[0m  [1m[36mcommit transaction[0m
Completed 201 Created in 78ms (Views: 1.0ms | ActiveRecord: 4.7ms)


Started POST "/users?email=herp@derp.com&password=[FILTERED]&password_confirmation=[FILTERED]&phone=5555555555&username=alex" for 127.0.0.1 at 2017-08-17 15:56:27 -0400
Processing by UsersController#create as */*
  Parameters: {"email"=>"herp@derp.com", "password"=>"[FILTERED]", "password_confirmation"=>"[FILTERED]", "phone"=>"5555555555", "username"=>"alex"}
Unpermitted parameter: :phone
  [1m[35m (0.1ms)[0m  [1m[36mbegin transaction[0m
  [1m[35mSQL (0.3ms)[0m  [1m[32mINSERT INTO "users" ("username", "email", "password_digest", "created_at", "updated_at") VALUES (?, ?, ?, ?, ?)[0m  [["username", "alex"], ["email", "herp@derp.com"], ["password_digest", "$2a$10$iWsCuZFifvAC7HTMvW1ypeFO3P8EEfmhASWc9xiR2.t4dG.eKjSsW"], ["created_at", "2017-08-17 19:56:27.945814"], ["updated_at", "2017-08-17 19:56:27.945814"]]
  [1m[35m (0.6ms)[0m  [1m[36mcommit transaction[0m
Completed 201 Created in 70ms (Views: 0.5ms | ActiveRecord: 1.3ms)


Started POST "/users?email=herp@derp.com&password=[FILTERED]&password_confirmation=[FILTERED]&phone=5555555555&username=alex" for 127.0.0.1 at 2017-08-17 15:56:29 -0400
Processing by UsersController#create as */*
  Parameters: {"email"=>"herp@derp.com", "password"=>"[FILTERED]", "password_confirmation"=>"[FILTERED]", "phone"=>"5555555555", "username"=>"alex"}
Unpermitted parameter: :phone
  [1m[35m (0.1ms)[0m  [1m[36mbegin transaction[0m
  [1m[35mSQL (0.3ms)[0m  [1m[32mINSERT INTO "users" ("username", "email", "password_digest", "created_at", "updated_at") VALUES (?, ?, ?, ?, ?)[0m  [["username", "alex"], ["email", "herp@derp.com"], ["password_digest", "$2a$10$e/G7JU9L120gIlZSMesgVO7k60USn1rVs0pIYVXvM7A3GUk75MTvy"], ["created_at", "2017-08-17 19:56:29.086325"], ["updated_at", "2017-08-17 19:56:29.086325"]]
  [1m[35m (0.6ms)[0m  [1m[36mcommit transaction[0m
Completed 201 Created in 72ms (Views: 0.4ms | ActiveRecord: 1.0ms)


Started POST "/users?email=herp@derp.com&password=[FILTERED]&password_confirmation=[FILTERED]&phone=5555555555&username=alex" for 127.0.0.1 at 2017-08-17 16:24:00 -0400
Processing by UsersController#create as */*
  Parameters: {"email"=>"herp@derp.com", "password"=>"[FILTERED]", "password_confirmation"=>"[FILTERED]", "phone"=>"5555555555", "username"=>"alex"}
Unpermitted parameter: :phone
  [1m[35m (0.1ms)[0m  [1m[36mbegin transaction[0m
  [1m[35mSQL (0.3ms)[0m  [1m[32mINSERT INTO "users" ("username", "email", "password_digest", "created_at", "updated_at") VALUES (?, ?, ?, ?, ?)[0m  [["username", "alex"], ["email", "herp@derp.com"], ["password_digest", "$2a$10$26n.tidGq8933fT4ZVgSfOTe51d0HJ0psJQW7EtgMMi9gXHEdzYoq"], ["created_at", "2017-08-17 20:24:00.261859"], ["updated_at", "2017-08-17 20:24:00.261859"]]
  [1m[35m (0.6ms)[0m  [1m[36mcommit transaction[0m
Completed 201 Created in 74ms (Views: 0.6ms | ActiveRecord: 1.0ms)


Started GET "/" for 127.0.0.1 at 2017-08-17 19:30:48 -0400
Processing by Rails::WelcomeController#index as HTML
  Rendering /usr/local/var/rbenv/versions/2.4.1/lib/ruby/gems/2.4.0/gems/railties-5.1.3/lib/rails/templates/rails/welcome/index.html.erb
  Rendered /usr/local/var/rbenv/versions/2.4.1/lib/ruby/gems/2.4.0/gems/railties-5.1.3/lib/rails/templates/rails/welcome/index.html.erb (4.6ms)
Completed 200 OK in 17ms (Views: 12.5ms | ActiveRecord: 0.0ms)


Started GET "/" for 127.0.0.1 at 2017-08-17 19:30:49 -0400
Processing by Rails::WelcomeController#index as HTML
  Rendering /usr/local/var/rbenv/versions/2.4.1/lib/ruby/gems/2.4.0/gems/railties-5.1.3/lib/rails/templates/rails/welcome/index.html.erb
  Rendered /usr/local/var/rbenv/versions/2.4.1/lib/ruby/gems/2.4.0/gems/railties-5.1.3/lib/rails/templates/rails/welcome/index.html.erb (3.7ms)
Completed 200 OK in 10ms (Views: 7.0ms | ActiveRecord: 0.0ms)


Started GET "/favicon.ico" for 127.0.0.1 at 2017-08-17 19:30:50 -0400
  
ActionController::RoutingError (No route matches [GET] "/favicon.ico"):
  
actionpack (5.1.3) lib/action_dispatch/middleware/debug_exceptions.rb:63:in `call'
actionpack (5.1.3) lib/action_dispatch/middleware/show_exceptions.rb:31:in `call'
railties (5.1.3) lib/rails/rack/logger.rb:36:in `call_app'
railties (5.1.3) lib/rails/rack/logger.rb:24:in `block in call'
activesupport (5.1.3) lib/active_support/tagged_logging.rb:69:in `block in tagged'
activesupport (5.1.3) lib/active_support/tagged_logging.rb:26:in `tagged'
activesupport (5.1.3) lib/active_support/tagged_logging.rb:69:in `tagged'
railties (5.1.3) lib/rails/rack/logger.rb:24:in `call'
actionpack (5.1.3) lib/action_dispatch/middleware/remote_ip.rb:79:in `call'
actionpack (5.1.3) lib/action_dispatch/middleware/request_id.rb:25:in `call'
rack (2.0.3) lib/rack/runtime.rb:22:in `call'
activesupport (5.1.3) lib/active_support/cache/strategy/local_cache_middleware.rb:27:in `call'
actionpack (5.1.3) lib/action_dispatch/middleware/executor.rb:12:in `call'
actionpack (5.1.3) lib/action_dispatch/middleware/static.rb:125:in `call'
rack (2.0.3) lib/rack/sendfile.rb:111:in `call'
railties (5.1.3) lib/rails/engine.rb:522:in `call'
puma (3.9.1) lib/puma/configuration.rb:224:in `call'
puma (3.9.1) lib/puma/server.rb:602:in `handle_request'
puma (3.9.1) lib/puma/server.rb:435:in `process_client'
puma (3.9.1) lib/puma/server.rb:299:in `block in run'
puma (3.9.1) lib/puma/thread_pool.rb:120:in `block in spawn_thread'
Started POST "/" for 127.0.0.1 at 2017-08-21 15:12:00 -0400
  [1m[35m (0.2ms)[0m  [1m[34mSELECT "schema_migrations"."version" FROM "schema_migrations" ORDER BY "schema_migrations"."version" ASC[0m
  
ActionController::RoutingError (No route matches [POST] "/"):
  
actionpack (5.1.3) lib/action_dispatch/middleware/debug_exceptions.rb:63:in `call'
actionpack (5.1.3) lib/action_dispatch/middleware/show_exceptions.rb:31:in `call'
railties (5.1.3) lib/rails/rack/logger.rb:36:in `call_app'
railties (5.1.3) lib/rails/rack/logger.rb:24:in `block in call'
activesupport (5.1.3) lib/active_support/tagged_logging.rb:69:in `block in tagged'
activesupport (5.1.3) lib/active_support/tagged_logging.rb:26:in `tagged'
activesupport (5.1.3) lib/active_support/tagged_logging.rb:69:in `tagged'
railties (5.1.3) lib/rails/rack/logger.rb:24:in `call'
actionpack (5.1.3) lib/action_dispatch/middleware/remote_ip.rb:79:in `call'
actionpack (5.1.3) lib/action_dispatch/middleware/request_id.rb:25:in `call'
rack (2.0.3) lib/rack/runtime.rb:22:in `call'
activesupport (5.1.3) lib/active_support/cache/strategy/local_cache_middleware.rb:27:in `call'
actionpack (5.1.3) lib/action_dispatch/middleware/executor.rb:12:in `call'
actionpack (5.1.3) lib/action_dispatch/middleware/static.rb:125:in `call'
rack (2.0.3) lib/rack/sendfile.rb:111:in `call'
railties (5.1.3) lib/rails/engine.rb:522:in `call'
puma (3.9.1) lib/puma/configuration.rb:224:in `call'
puma (3.9.1) lib/puma/server.rb:602:in `handle_request'
puma (3.9.1) lib/puma/server.rb:435:in `process_client'
puma (3.9.1) lib/puma/server.rb:299:in `block in run'
puma (3.9.1) lib/puma/thread_pool.rb:120:in `block in spawn_thread'
Started POST "/" for 127.0.0.1 at 2017-08-21 15:13:19 -0400
  
ActionController::RoutingError (No route matches [POST] "/"):
  
actionpack (5.1.3) lib/action_dispatch/middleware/debug_exceptions.rb:63:in `call'
actionpack (5.1.3) lib/action_dispatch/middleware/show_exceptions.rb:31:in `call'
railties (5.1.3) lib/rails/rack/logger.rb:36:in `call_app'
railties (5.1.3) lib/rails/rack/logger.rb:24:in `block in call'
activesupport (5.1.3) lib/active_support/tagged_logging.rb:69:in `block in tagged'
activesupport (5.1.3) lib/active_support/tagged_logging.rb:26:in `tagged'
activesupport (5.1.3) lib/active_support/tagged_logging.rb:69:in `tagged'
railties (5.1.3) lib/rails/rack/logger.rb:24:in `call'
actionpack (5.1.3) lib/action_dispatch/middleware/remote_ip.rb:79:in `call'
actionpack (5.1.3) lib/action_dispatch/middleware/request_id.rb:25:in `call'
rack (2.0.3) lib/rack/runtime.rb:22:in `call'
activesupport (5.1.3) lib/active_support/cache/strategy/local_cache_middleware.rb:27:in `call'
actionpack (5.1.3) lib/action_dispatch/middleware/executor.rb:12:in `call'
actionpack (5.1.3) lib/action_dispatch/middleware/static.rb:125:in `call'
rack (2.0.3) lib/rack/sendfile.rb:111:in `call'
railties (5.1.3) lib/rails/engine.rb:522:in `call'
puma (3.9.1) lib/puma/configuration.rb:224:in `call'
puma (3.9.1) lib/puma/server.rb:602:in `handle_request'
puma (3.9.1) lib/puma/server.rb:435:in `process_client'
puma (3.9.1) lib/puma/server.rb:299:in `block in run'
puma (3.9.1) lib/puma/thread_pool.rb:120:in `block in spawn_thread'
Started PUT "/" for 127.0.0.1 at 2017-08-21 15:13:33 -0400
  
ActionController::RoutingError (No route matches [PUT] "/"):
  
actionpack (5.1.3) lib/action_dispatch/middleware/debug_exceptions.rb:63:in `call'
actionpack (5.1.3) lib/action_dispatch/middleware/show_exceptions.rb:31:in `call'
railties (5.1.3) lib/rails/rack/logger.rb:36:in `call_app'
railties (5.1.3) lib/rails/rack/logger.rb:24:in `block in call'
activesupport (5.1.3) lib/active_support/tagged_logging.rb:69:in `block in tagged'
activesupport (5.1.3) lib/active_support/tagged_logging.rb:26:in `tagged'
activesupport (5.1.3) lib/active_support/tagged_logging.rb:69:in `tagged'
railties (5.1.3) lib/rails/rack/logger.rb:24:in `call'
actionpack (5.1.3) lib/action_dispatch/middleware/remote_ip.rb:79:in `call'
actionpack (5.1.3) lib/action_dispatch/middleware/request_id.rb:25:in `call'
rack (2.0.3) lib/rack/runtime.rb:22:in `call'
activesupport (5.1.3) lib/active_support/cache/strategy/local_cache_middleware.rb:27:in `call'
actionpack (5.1.3) lib/action_dispatch/middleware/executor.rb:12:in `call'
actionpack (5.1.3) lib/action_dispatch/middleware/static.rb:125:in `call'
rack (2.0.3) lib/rack/sendfile.rb:111:in `call'
railties (5.1.3) lib/rails/engine.rb:522:in `call'
puma (3.9.1) lib/puma/configuration.rb:224:in `call'
puma (3.9.1) lib/puma/server.rb:602:in `handle_request'
puma (3.9.1) lib/puma/server.rb:435:in `process_client'
puma (3.9.1) lib/puma/server.rb:299:in `block in run'
puma (3.9.1) lib/puma/thread_pool.rb:120:in `block in spawn_thread'
Started PUT "/user/new" for 127.0.0.1 at 2017-08-21 15:14:17 -0400
  
ActionController::RoutingError (No route matches [PUT] "/user/new"):
  
actionpack (5.1.3) lib/action_dispatch/middleware/debug_exceptions.rb:63:in `call'
actionpack (5.1.3) lib/action_dispatch/middleware/show_exceptions.rb:31:in `call'
railties (5.1.3) lib/rails/rack/logger.rb:36:in `call_app'
railties (5.1.3) lib/rails/rack/logger.rb:24:in `block in call'
activesupport (5.1.3) lib/active_support/tagged_logging.rb:69:in `block in tagged'
activesupport (5.1.3) lib/active_support/tagged_logging.rb:26:in `tagged'
activesupport (5.1.3) lib/active_support/tagged_logging.rb:69:in `tagged'
railties (5.1.3) lib/rails/rack/logger.rb:24:in `call'
actionpack (5.1.3) lib/action_dispatch/middleware/remote_ip.rb:79:in `call'
actionpack (5.1.3) lib/action_dispatch/middleware/request_id.rb:25:in `call'
rack (2.0.3) lib/rack/runtime.rb:22:in `call'
activesupport (5.1.3) lib/active_support/cache/strategy/local_cache_middleware.rb:27:in `call'
actionpack (5.1.3) lib/action_dispatch/middleware/executor.rb:12:in `call'
actionpack (5.1.3) lib/action_dispatch/middleware/static.rb:125:in `call'
rack (2.0.3) lib/rack/sendfile.rb:111:in `call'
railties (5.1.3) lib/rails/engine.rb:522:in `call'
puma (3.9.1) lib/puma/configuration.rb:224:in `call'
puma (3.9.1) lib/puma/server.rb:602:in `handle_request'
puma (3.9.1) lib/puma/server.rb:435:in `process_client'
puma (3.9.1) lib/puma/server.rb:299:in `block in run'
puma (3.9.1) lib/puma/thread_pool.rb:120:in `block in spawn_thread'
Started PUT "/users" for 127.0.0.1 at 2017-08-21 15:14:35 -0400
  
ActionController::RoutingError (No route matches [PUT] "/users"):
  
actionpack (5.1.3) lib/action_dispatch/middleware/debug_exceptions.rb:63:in `call'
actionpack (5.1.3) lib/action_dispatch/middleware/show_exceptions.rb:31:in `call'
railties (5.1.3) lib/rails/rack/logger.rb:36:in `call_app'
railties (5.1.3) lib/rails/rack/logger.rb:24:in `block in call'
activesupport (5.1.3) lib/active_support/tagged_logging.rb:69:in `block in tagged'
activesupport (5.1.3) lib/active_support/tagged_logging.rb:26:in `tagged'
activesupport (5.1.3) lib/active_support/tagged_logging.rb:69:in `tagged'
railties (5.1.3) lib/rails/rack/logger.rb:24:in `call'
actionpack (5.1.3) lib/action_dispatch/middleware/remote_ip.rb:79:in `call'
actionpack (5.1.3) lib/action_dispatch/middleware/request_id.rb:25:in `call'
rack (2.0.3) lib/rack/runtime.rb:22:in `call'
activesupport (5.1.3) lib/active_support/cache/strategy/local_cache_middleware.rb:27:in `call'
actionpack (5.1.3) lib/action_dispatch/middleware/executor.rb:12:in `call'
actionpack (5.1.3) lib/action_dispatch/middleware/static.rb:125:in `call'
rack (2.0.3) lib/rack/sendfile.rb:111:in `call'
railties (5.1.3) lib/rails/engine.rb:522:in `call'
puma (3.9.1) lib/puma/configuration.rb:224:in `call'
puma (3.9.1) lib/puma/server.rb:602:in `handle_request'
puma (3.9.1) lib/puma/server.rb:435:in `process_client'
puma (3.9.1) lib/puma/server.rb:299:in `block in run'
puma (3.9.1) lib/puma/thread_pool.rb:120:in `block in spawn_thread'
Started POST "/users" for 127.0.0.1 at 2017-08-21 15:14:44 -0400
Processing by UsersController#create as */*
  [1m[35m (0.0ms)[0m  [1m[36mbegin transaction[0m
  [1m[35m (0.1ms)[0m  [1m[31mrollback transaction[0m
Completed 422 Unprocessable Entity in 22ms (Views: 0.2ms | ActiveRecord: 0.8ms)


Started POST "/users" for 127.0.0.1 at 2017-08-21 15:14:59 -0400
Processing by UsersController#create as */*
  [1m[35m (0.1ms)[0m  [1m[36mbegin transaction[0m
  [1m[35m (0.0ms)[0m  [1m[31mrollback transaction[0m
Completed 422 Unprocessable Entity in 2ms (Views: 0.2ms | ActiveRecord: 0.1ms)


Started POST "/users" for 127.0.0.1 at 2017-08-21 15:17:27 -0400
Processing by UsersController#create as */*
  [1m[35m (0.1ms)[0m  [1m[36mbegin transaction[0m
  [1m[35m (0.1ms)[0m  [1m[31mrollback transaction[0m
Completed 422 Unprocessable Entity in 2ms (Views: 0.2ms | ActiveRecord: 0.2ms)


Started POST "/users" for 127.0.0.1 at 2017-08-21 15:17:29 -0400
Processing by UsersController#create as */*
  [1m[35m (0.1ms)[0m  [1m[36mbegin transaction[0m
  [1m[35m (0.1ms)[0m  [1m[31mrollback transaction[0m
Completed 422 Unprocessable Entity in 2ms (Views: 0.2ms | ActiveRecord: 0.1ms)


Started POST "/users/new" for 127.0.0.1 at 2017-08-21 15:17:37 -0400
  
ActionController::RoutingError (No route matches [POST] "/users/new"):
  
actionpack (5.1.3) lib/action_dispatch/middleware/debug_exceptions.rb:63:in `call'
actionpack (5.1.3) lib/action_dispatch/middleware/show_exceptions.rb:31:in `call'
railties (5.1.3) lib/rails/rack/logger.rb:36:in `call_app'
railties (5.1.3) lib/rails/rack/logger.rb:24:in `block in call'
activesupport (5.1.3) lib/active_support/tagged_logging.rb:69:in `block in tagged'
activesupport (5.1.3) lib/active_support/tagged_logging.rb:26:in `tagged'
activesupport (5.1.3) lib/active_support/tagged_logging.rb:69:in `tagged'
railties (5.1.3) lib/rails/rack/logger.rb:24:in `call'
actionpack (5.1.3) lib/action_dispatch/middleware/remote_ip.rb:79:in `call'
actionpack (5.1.3) lib/action_dispatch/middleware/request_id.rb:25:in `call'
rack (2.0.3) lib/rack/runtime.rb:22:in `call'
activesupport (5.1.3) lib/active_support/cache/strategy/local_cache_middleware.rb:27:in `call'
actionpack (5.1.3) lib/action_dispatch/middleware/executor.rb:12:in `call'
actionpack (5.1.3) lib/action_dispatch/middleware/static.rb:125:in `call'
rack (2.0.3) lib/rack/sendfile.rb:111:in `call'
railties (5.1.3) lib/rails/engine.rb:522:in `call'
puma (3.9.1) lib/puma/configuration.rb:224:in `call'
puma (3.9.1) lib/puma/server.rb:602:in `handle_request'
puma (3.9.1) lib/puma/server.rb:435:in `process_client'
puma (3.9.1) lib/puma/server.rb:299:in `block in run'
puma (3.9.1) lib/puma/thread_pool.rb:120:in `block in spawn_thread'
Started POST "/users?username=arscholtes&email=arscholtes@gmail.com&password_digest=[FILTERED]&phone_number=3172039112" for 127.0.0.1 at 2017-08-21 15:19:09 -0400
Processing by UsersController#create as */*
  Parameters: {"username"=>"arscholtes", "email"=>"arscholtes@gmail.com", "password_digest"=>"[FILTERED]", "phone_number"=>"3172039112"}
Unpermitted parameter: :password_digest
Completed 500 Internal Server Error in 1ms (ActiveRecord: 0.0ms)


  
ActiveModel::UnknownAttributeError (unknown attribute 'phone_number' for User.):
  
app/controllers/users_controller.rb:18:in `create'
Started POST "/users" for 127.0.0.1 at 2017-08-21 15:20:13 -0400
Processing by UsersController#create as */*
  [1m[35m (0.1ms)[0m  [1m[36mbegin transaction[0m
  [1m[35m (0.0ms)[0m  [1m[31mrollback transaction[0m
Completed 422 Unprocessable Entity in 2ms (Views: 0.1ms | ActiveRecord: 0.1ms)


Started GET "/users" for 127.0.0.1 at 2017-08-21 15:20:28 -0400
Processing by UsersController#index as */*
  [1m[36mUser Load (0.2ms)[0m  [1m[34mSELECT "users".* FROM "users"[0m
Completed 200 OK in 8ms (Views: 7.7ms | ActiveRecord: 0.2ms)


Started POST "/users" for 127.0.0.1 at 2017-08-21 15:22:14 -0400
Processing by UsersController#create as */*
  [1m[35m (0.1ms)[0m  [1m[36mbegin transaction[0m
  [1m[35m (0.1ms)[0m  [1m[31mrollback transaction[0m
Completed 422 Unprocessable Entity in 2ms (Views: 0.2ms | ActiveRecord: 0.1ms)


Started POST "/users" for 127.0.0.1 at 2017-08-21 15:24:21 -0400
Processing by UsersController#create as */*
  [1m[35m (0.1ms)[0m  [1m[36mbegin transaction[0m
  [1m[35m (0.0ms)[0m  [1m[31mrollback transaction[0m
Completed 422 Unprocessable Entity in 12ms (Views: 0.2ms | ActiveRecord: 0.9ms)


Started POST "/users" for 127.0.0.1 at 2017-08-21 15:25:44 -0400
Processing by UsersController#create as */*
  [1m[35m (0.1ms)[0m  [1m[36mbegin transaction[0m
  [1m[35m (0.0ms)[0m  [1m[31mrollback transaction[0m
Completed 422 Unprocessable Entity in 13ms (Views: 0.2ms | ActiveRecord: 0.9ms)


  [1m[35m (0.1ms)[0m  [1m[34mSELECT "schema_migrations"."version" FROM "schema_migrations" ORDER BY "schema_migrations"."version" ASC[0m
Started POST "/entries?title=First%20Title&body=lkdfjhglkdhglkdhlk%20ldksfjhglkjdfhlgkshlkf%20lkdsfjglksdfgsjdhlkfjgh%20lksdfjhglsdfkhlgkjshdlfk%20jgsdfjhglksdhjflgkhsdlfjkghsldkj%20hlghsldkfhglkdsh%20kljdfsjkghlkdfshglkjsdhlkg%20sldf" for 127.0.0.1 at 2017-08-21 18:18:28 -0400
Processing by EntriesController#create as */*
  Parameters: {"title"=>"First Title", "body"=>"lkdfjhglkdhglkdhlk ldksfjhglkjdfhlgkshlkf lkdsfjglksdfgsjdhlkfjgh lksdfjhglsdfkhlgkjshdlfk jgsdfjhglksdhjflgkhsdlfjkghsldkj hlghsldkfhglkdsh kljdfsjkghlkdfshglkjsdhlkg sldf"}
Completed 400 Bad Request in 4ms


  
ActionController::ParameterMissing (param is missing or the value is empty: entry):
  
app/controllers/entries_controller.rb:49:in `entry_params'
app/controllers/entries_controller.rb:18:in `create'
